> ./config enable-tls1_3
Configuring OpenSSL version 3.3.0+quic for target darwin64-x86_64
Using os-specific seed configuration
Created configdata.pm
Running configdata.pm
Created Makefile.in
Created Makefile
Created include/openssl/configuration.h

**********************************************************************
***                                                                ***
***   OpenSSL has been successfully configured                     ***
***                                                                ***
***   If you encounter a problem while building, please open an    ***
***   issue on GitHub <https://github.com/openssl/openssl/issues>  ***
***   and include the output from the following command:           ***
***                                                                ***
***       perl configdata.pm --dump                                ***
***                                                                ***
***   (If you are new to OpenSSL, you might want to consult the    ***
***   'Troubleshooting' section in the INSTALL.md file first)      ***
***                                                                ***
**********************************************************************


> make
perl util/mkinstallvars.pl PREFIX=. BINDIR=apps LIBDIR= INCLUDEDIR=include APPLINKDIR=ms ENGINESDIR=engines MODULESDIR=providers "VERSION=3.3.0+quic" "LDLIBS= " > builddata.pm
perl "-I." "-Mconfigdata" "-Mbuilddata" "util/dofile.pl" "-oMakefile" exporters/cmake/OpenSSLConfig.cmake.in > OpenSSLConfig.cmake
perl "-I." "-Mconfigdata" "-Mconfigdata" "-Mbuilddata" "util/dofile.pl" "-oMakefile" exporters/cmake/OpenSSLConfigVersion.cmake.in > OpenSSLConfigVersion.cmake
perl "-I." "-Iutil/perl" "-Mconfigdata" "-MOpenSSL::paramnames" "util/dofile.pl" "-oMakefile" crypto/params_idx.c.in > crypto/params_idx.c
perl util/mkinstallvars.pl "PREFIX=/usr/local" BINDIR=bin "LIBDIR=lib" INCLUDEDIR=include APPLINKDIR=include/openssl "ENGINESDIR=/usr/local/lib/engines-81.3" "MODULESDIR=/usr/local/lib/ossl-modules" "PKGCONFIGDIR=/usr/local/lib/pkgconfig" "CMAKECONFIGDIR=/usr/local/lib/cmake/OpenSSL" "LDLIBS= " "VERSION=3.3.0+quic" > installdata.pm
perl "-I." "-Mconfigdata" "-Minstalldata" "util/dofile.pl" "-oMakefile" exporters/cmake/OpenSSLConfig.cmake.in > exporters/OpenSSLConfig.cmake
perl "-I." "-Mconfigdata" "-Mconfigdata" "-Minstalldata" "util/dofile.pl" "-oMakefile" exporters/cmake/OpenSSLConfigVersion.cmake.in > exporters/OpenSSLConfigVersion.cmake
perl "-I." "-Mconfigdata" "-Minstalldata" "util/dofile.pl" "-oMakefile" exporters/pkg-config/libcrypto.pc.in > exporters/libcrypto.pc
perl "-I." "-Mconfigdata" "-Minstalldata" "util/dofile.pl" "-oMakefile" exporters/pkg-config/libssl.pc.in > exporters/libssl.pc
perl "-I." "-Mconfigdata" "-Mconfigdata" "-Mconfigdata" "-Minstalldata" "util/dofile.pl" "-oMakefile" exporters/pkg-config/openssl.pc.in > exporters/openssl.pc
perl "-I." "-Mconfigdata" "util/dofile.pl" "-oMakefile" include/crypto/bn_conf.h.in > include/crypto/bn_conf.h
perl "-I." "-Mconfigdata" "util/dofile.pl" "-oMakefile" include/crypto/dso_conf.h.in > include/crypto/dso_conf.h
perl "-I." "-Iutil/perl" "-Mconfigdata" "-MOpenSSL::paramnames" "util/dofile.pl" "-oMakefile" include/internal/param_names.h.in > include/internal/param_names.h
perl "-I." "-Mconfigdata" "util/dofile.pl" "-oMakefile" include/openssl/asn1.h.in > include/openssl/asn1.h
perl "-I." "-Mconfigdata" "util/dofile.pl" "-oMakefile" include/openssl/asn1t.h.in > include/openssl/asn1t.h
perl "-I." "-Mconfigdata" "util/dofile.pl" "-oMakefile" include/openssl/bio.h.in > include/openssl/bio.h
perl "-I." "-Mconfigdata" "util/dofile.pl" "-oMakefile" include/openssl/cmp.h.in > include/openssl/cmp.h
perl "-I." "-Mconfigdata" "util/dofile.pl" "-oMakefile" include/openssl/cms.h.in > include/openssl/cms.h
perl "-I." "-Mconfigdata" "util/dofile.pl" "-oMakefile" include/openssl/conf.h.in > include/openssl/conf.h
perl "-I." "-Iutil/perl" "-Mconfigdata" "-MOpenSSL::paramnames" "util/dofile.pl" "-oMakefile" include/openssl/core_names.h.in > include/openssl/core_names.h
perl "-I." "-Mconfigdata" "util/dofile.pl" "-oMakefile" include/openssl/crmf.h.in > include/openssl/crmf.h
perl "-I." "-Mconfigdata" "util/dofile.pl" "-oMakefile" include/openssl/crypto.h.in > include/openssl/crypto.h
perl "-I." "-Mconfigdata" "util/dofile.pl" "-oMakefile" include/openssl/ct.h.in > include/openssl/ct.h
perl "-I." "-Mconfigdata" "util/dofile.pl" "-oMakefile" include/openssl/err.h.in > include/openssl/err.h
perl "-I." "-Mconfigdata" "util/dofile.pl" "-oMakefile" include/openssl/ess.h.in > include/openssl/ess.h
perl "-I." "-Mconfigdata" "util/dofile.pl" "-oMakefile" include/openssl/fipskey.h.in > include/openssl/fipskey.h
perl "-I." "-Mconfigdata" "util/dofile.pl" "-oMakefile" include/openssl/lhash.h.in > include/openssl/lhash.h
perl "-I." "-Mconfigdata" "util/dofile.pl" "-oMakefile" include/openssl/ocsp.h.in > include/openssl/ocsp.h
perl "-I." "-Mconfigdata" "util/dofile.pl" "-oMakefile" include/openssl/opensslv.h.in > include/openssl/opensslv.h
perl "-I." "-Mconfigdata" "util/dofile.pl" "-oMakefile" include/openssl/pkcs12.h.in > include/openssl/pkcs12.h
perl "-I." "-Mconfigdata" "util/dofile.pl" "-oMakefile" include/openssl/pkcs7.h.in > include/openssl/pkcs7.h
perl "-I." "-Mconfigdata" "util/dofile.pl" "-oMakefile" include/openssl/safestack.h.in > include/openssl/safestack.h
perl "-I." "-Mconfigdata" "util/dofile.pl" "-oMakefile" include/openssl/srp.h.in > include/openssl/srp.h
perl "-I." "-Mconfigdata" "util/dofile.pl" "-oMakefile" include/openssl/ssl.h.in > include/openssl/ssl.h
perl "-I." "-Mconfigdata" "util/dofile.pl" "-oMakefile" include/openssl/ui.h.in > include/openssl/ui.h
perl "-I." "-Mconfigdata" "util/dofile.pl" "-oMakefile" include/openssl/x509.h.in > include/openssl/x509.h
perl "-I." "-Mconfigdata" "util/dofile.pl" "-oMakefile" include/openssl/x509_vfy.h.in > include/openssl/x509_vfy.h
perl "-I." "-Mconfigdata" "util/dofile.pl" "-oMakefile" include/openssl/x509v3.h.in > include/openssl/x509v3.h
perl "-I." "-Mconfigdata" "-Mbuilddata" "util/dofile.pl" "-oMakefile" exporters/pkg-config/libcrypto.pc.in > libcrypto.pc
perl "-I." "-Mconfigdata" "-Mbuilddata" "util/dofile.pl" "-oMakefile" exporters/pkg-config/libssl.pc.in > libssl.pc
perl "-I." "-Mconfigdata" "-Mbuilddata" "-Mbuilddata" "-Mbuilddata" "util/dofile.pl" "-oMakefile" exporters/pkg-config/openssl.pc.in > openssl.pc
perl "-I." "-Mconfigdata" "util/dofile.pl" "-oMakefile" test/provider_internal_test.cnf.in > test/provider_internal_test.cnf
"/Library/Developer/CommandLineTools/usr/bin/make" depend && "/Library/Developer/CommandLineTools/usr/bin/make" _build_sw
cc  -I. -Iinclude -Iapps/include  -fPIC -arch x86_64 -O3 -Wall -DL_ENDIAN -DOPENSSL_PIC -DOPENSSLDIR="\"/usr/local/ssl\"" -DENGINESDIR="\"/usr/local/lib/engines-81.3\"" -DMODULESDIR="\"/usr/local/lib/ossl-modules\"" -D_REENTRANT -DOPENSSL_BUILDING_OPENSSL -DNDEBUG  -MMD -MF apps/lib/libapps-lib-app_libctx.d.tmp -MT apps/lib/libapps-lib-app_libctx.o -c -o apps/lib/libapps-lib-app_libctx.o apps/lib/app_libctx.c
cc  -I. -Iinclude -Iapps/include  -fPIC -arch x86_64 -O3 -Wall -DL_ENDIAN -DOPENSSL_PIC -DOPENSSLDIR="\"/usr/local/ssl\"" -DENGINESDIR="\"/usr/local/lib/engines-81.3\"" -DMODULESDIR="\"/usr/local/lib/ossl-modules\"" -D_REENTRANT -DOPENSSL_BUILDING_OPENSSL -DNDEBUG  -MMD -MF apps/lib/libapps-lib-app_params.d.tmp -MT apps/lib/libapps-lib-app_params.o -c -o apps/lib/libapps-lib-app_params.o apps/lib/app_params.c
